2020-06-10 19:34:29 serial = 27182818284
2020-06-10 19:34:29 email = anon
2020-06-10 19:34:29 RTG version = RTG Tools 3.11 / Core 6e08b60e18 (2020-02-26)
2020-06-10 19:34:29 awt.toolkit = sun.awt.X11.XToolkit
2020-06-10 19:34:29 file.encoding = UTF-8
2020-06-10 19:34:29 file.encoding.pkg = sun.io
2020-06-10 19:34:29 file.separator = /
2020-06-10 19:34:29 host.name = lightning-dev1.shell.su92l.arvadosapi.com
2020-06-10 19:34:29 java.awt.graphicsenv = sun.awt.X11GraphicsEnvironment
2020-06-10 19:34:29 java.awt.printerjob = sun.print.PSPrinterJob
2020-06-10 19:34:29 java.class.path = /home/jiayong/tools/rtg-tools-3.11/RTG.jar
2020-06-10 19:34:29 java.class.version = 52.0
2020-06-10 19:34:29 java.endorsed.dirs = /home/jiayong/tools/rtg-tools-3.11/jre/lib/endorsed
2020-06-10 19:34:29 java.ext.dirs = /home/jiayong/tools/rtg-tools-3.11/jre/lib/ext:/usr/java/packages/lib/ext
2020-06-10 19:34:29 java.home = /home/jiayong/tools/rtg-tools-3.11/jre
2020-06-10 19:34:29 java.io.tmpdir = /tmp
2020-06-10 19:34:29 java.library.path = /home/jiayong/tools/rtg-tools-3.11
2020-06-10 19:34:29 java.runtime.name = OpenJDK Runtime Environment
2020-06-10 19:34:29 java.runtime.version = 1.8.0_242-b20
2020-06-10 19:34:29 java.specification.name = Java Platform API Specification
2020-06-10 19:34:29 java.specification.vendor = Oracle Corporation
2020-06-10 19:34:29 java.specification.version = 1.8
2020-06-10 19:34:29 java.vendor = Azul Systems, Inc.
2020-06-10 19:34:29 java.vendor.url = http://www.azulsystems.com/
2020-06-10 19:34:29 java.vendor.url.bug = http://www.azulsystems.com/support/
2020-06-10 19:34:29 java.version = 1.8.0_242
2020-06-10 19:34:29 java.vm.info = mixed mode
2020-06-10 19:34:29 java.vm.name = OpenJDK 64-Bit Server VM
2020-06-10 19:34:29 java.vm.specification.name = Java Virtual Machine Specification
2020-06-10 19:34:29 java.vm.specification.vendor = Oracle Corporation
2020-06-10 19:34:29 java.vm.specification.version = 1.8
2020-06-10 19:34:29 java.vm.vendor = Azul Systems, Inc.
2020-06-10 19:34:29 java.vm.version = 25.242-b20
2020-06-10 19:34:29 lang.version = 1.8.0_242
2020-06-10 19:34:29 line.separator = 

2020-06-10 19:34:29 models.dir = /home/jiayong/tools/rtg-tools-3.11/models
2020-06-10 19:34:29 nashorn.option.no.deprecation.warning = true
2020-06-10 19:34:29 os.arch = amd64
2020-06-10 19:34:29 os.freememory = 22789300224
2020-06-10 19:34:29 os.name = Linux
2020-06-10 19:34:29 os.totalmemory = 135176007680
2020-06-10 19:34:29 os.version = 4.15.0-88-generic
2020-06-10 19:34:29 path.separator = :
2020-06-10 19:34:29 processor.arch = amd64
2020-06-10 19:34:29 processor.count = 16
2020-06-10 19:34:29 references.dir = /home/jiayong/tools/rtg-tools-3.11/references
2020-06-10 19:34:29 runtime.freememory = 1920151336
2020-06-10 19:34:29 runtime.maxmemory = 108140691456
2020-06-10 19:34:29 runtime.totalMemory = 2025848832
2020-06-10 19:34:29 sun.arch.data.model = 64
2020-06-10 19:34:29 sun.boot.class.path = /home/jiayong/tools/rtg-tools-3.11/jre/lib/resources.jar:/home/jiayong/tools/rtg-tools-3.11/jre/lib/rt.jar:/home/jiayong/tools/rtg-tools-3.11/jre/lib/sunrsasign.jar:/home/jiayong/tools/rtg-tools-3.11/jre/lib/jsse.jar:/home/jiayong/tools/rtg-tools-3.11/jre/lib/jce.jar:/home/jiayong/tools/rtg-tools-3.11/jre/lib/charsets.jar:/home/jiayong/tools/rtg-tools-3.11/jre/lib/jfr.jar:/home/jiayong/tools/rtg-tools-3.11/jre/classes
2020-06-10 19:34:29 sun.boot.library.path = /home/jiayong/tools/rtg-tools-3.11/jre/lib/amd64
2020-06-10 19:34:29 sun.cpu.endian = little
2020-06-10 19:34:29 sun.cpu.isalist = 
2020-06-10 19:34:29 sun.io.unicode.encoding = UnicodeLittle
2020-06-10 19:34:29 sun.java.command = /home/jiayong/tools/rtg-tools-3.11/RTG.jar vcfeval -b HG00403_0002_original.vcf.gz -c HG00403_0002_cgfconverted.vcf.gz -t /data-sdd/jiayong/hg38/hg38 --bed-regions=HG00403_0002_covered.bed -o HG00403_comparecgf_coveredbed
2020-06-10 19:34:29 sun.java.launcher = SUN_STANDARD
2020-06-10 19:34:29 sun.jnu.encoding = UTF-8
2020-06-10 19:34:29 sun.management.compiler = HotSpot 64-Bit Tiered Compilers
2020-06-10 19:34:29 sun.os.patch.level = unknown
2020-06-10 19:34:29 talkback = true
2020-06-10 19:34:29 usage = true
2020-06-10 19:34:29 usage.log.hostname = true
2020-06-10 19:34:29 usage.log.username = true
2020-06-10 19:34:29 user.country = US
2020-06-10 19:34:29 user.dir = /home/jiayong/git/l7g-backup2/tools/cgf2vcf/0002
2020-06-10 19:34:29 user.home = /home/jiayong
2020-06-10 19:34:29 user.language = en
2020-06-10 19:34:29 user.name = jiayong
2020-06-10 19:34:29 user.timezone = Etc/UTC
2020-06-10 19:34:29 vendor = Azul Systems, Inc.
2020-06-10 19:34:29 gzipfix.enabled = true
2020-06-10 19:34:29 Command line arguments: rtg vcfeval -b HG00403_0002_original.vcf.gz -c HG00403_0002_cgfconverted.vcf.gz -t /data-sdd/jiayong/hg38/hg38 --bed-regions=HG00403_0002_covered.bed -o HG00403_comparecgf_coveredbed
2020-06-10 19:34:29 Run Id: 5c300616-20a6-4600-a6d9-2481f65856b9
2020-06-10 19:34:29 Referenced SDF-ID: 60fb690f-1f04-4193-9909-3f8f0c9d2569 Type: DNA Sequences: 455 Max-Length: 248956422 Min-Length: 970 Arm: UNKNOWN
2020-06-10 19:34:29 VCF header does not contain a FORMAT field named GQ
2020-06-10 19:34:29 Reference chr1 baseline contains 1378 variants.
2020-06-10 19:34:29 Reference chr1 calls contains 1370 variants.
2020-06-10 19:34:31 Reference chr1 had maximum path complexity of 12 at chr1:5689165-5689689
2020-06-10 19:34:31 There were 1370 variants not thresholded in ROC data files due to missing or invalid GQ (FORMAT) values.
2020-06-10 19:34:31 Representation bias correction factor for SNP 1372/1360.0 = 1.0088235294117647
2020-06-10 19:34:31 Representation bias correction factor for NON_SNP 0/12.0 = 0.0
2020-06-10 19:34:31 Could not select maximized F-measure threshold from ROC data, only un-thresholded statistics will be shown. Consider selecting a different scoring attribute with --vcf-score-field
2020-06-10 19:34:31 Threshold  True-pos-baseline  True-pos-call  False-pos  False-neg  Precision  Sensitivity  F-measure
----------------------------------------------------------------------------------------------------
     None               1372           1366          4          6     0.9971       0.9956     0.9964

2020-06-10 19:34:31 Finished successfully in 2 s.
